INFO    : Building target activities-web
ERROR   : XInclude Error caused build to fail:
ERROR   : file:/C:/Users/mcalister_e/Desktop/Pretext_repositories/FLCMathSampleCourse/source/activities/113sample-wksht.ptx:5:63:ERROR:DTD:DTD_XMLID_VALUE: xml:id : attribute value 113-functions is not an NCName
file:/C:/Users/mcalister_e/Desktop/Pretext_repositories/FLCMathSampleCourse/source/activities/113sample-wksht.ptx:50:42:ERROR:DTD:DTD_XMLID_VALUE: xml:id : attribute value 1_1FunctionGraph is not an NCName
file:/C:/Users/mcalister_e/Desktop/Pretext_repositories/FLCMathSampleCourse/source/activities/221sample-wksht.ptx:5:62:ERROR:DTD:DTD_XMLID_VALUE: xml:id : attribute value 221-tangents is not an NCName
file:/C:/Users/mcalister_e/Desktop/Pretext_repositories/FLCMathSampleCourse/source/activities/221sample-wksht.ptx:83:17:FATAL:PARSER:ERR_TAG_NAME_MISMATCH: Opening and ending tag mismatch: grid-axes line 68 and coordinates
file:/C:/Users/mcalister_e/Desktop/Pretext_repositories/FLCMathSampleCourse/source/activities/221sample-wksht.ptx:87:11:FATAL:PARSER:ERR_TAG_NAME_MISMATCH: Opening and ending tag mismatch: coordinates line 67 and diagram
file:/C:/Users/mcalister_e/Desktop/Pretext_repositories/FLCMathSampleCourse/source/activities/221sample-wksht.ptx:88:13:FATAL:PARSER:ERR_TAG_NAME_MISMATCH: Opening and ending tag mismatch: diagram line 63 and prefigure
file:/C:/Users/mcalister_e/Desktop/Pretext_repositories/FLCMathSampleCourse/source/activities/221sample-wksht.ptx:89:9:FATAL:PARSER:ERR_TAG_NAME_MISMATCH: Opening and ending tag mismatch: prefigure line 62 and image
file:/C:/Users/mcalister_e/Desktop/Pretext_repositories/FLCMathSampleCourse/source/activities/221sample-wksht.ptx:115:13:FATAL:PARSER:ERR_TAG_NAME_MISMATCH: Opening and ending tag mismatch: image line 61 and statement
file:/C:/Users/mcalister_e/Desktop/Pretext_repositories/FLCMathSampleCourse/source/activities/221sample-wksht.ptx:117:12:FATAL:PARSER:ERR_TAG_NAME_MISMATCH: Opening and ending tag mismatch: statement line 55 and exercise
file:/C:/Users/mcalister_e/Desktop/Pretext_repositories/FLCMathSampleCourse/source/activities/221sample-wksht.ptx:118:13:FATAL:PARSER:ERR_TAG_NAME_MISMATCH: Opening and ending tag mismatch: exercise line 54 and worksheet
file:/C:/Users/mcalister_e/Desktop/Pretext_repositories/FLCMathSampleCourse/source/activities/221sample-wksht.ptx:119:11:FATAL:PARSER:ERR_TAG_NAME_MISMATCH: Opening and ending tag mismatch: worksheet line 5 and article
file:/C:/Users/mcalister_e/Desktop/Pretext_repositories/FLCMathSampleCourse/source/activities/221sample-wksht.ptx:120:16:FATAL:PARSER:ERR_TAG_NOT_FINISHED: Premature end of data in tag article line 4
file:/C:/Users/mcalister_e/Desktop/Pretext_repositories/FLCMathSampleCourse/source/activities.ptx:15:0:ERROR:XINCLUDE:XINCLUDE_NO_FALLBACK: could not load file:/C:/Users/mcalister_e/Desktop/Pretext_repositories/FLCMathSampleCourse/source/activities/221sample-wksht.ptx, and no fallback was found
CRITICAL: XML syntax for source file is invalid
INFO    : ------------------------
CRITICAL: Failed to build.  Exiting...
INFO    : 
----------------------------------------------------
INFO    : While running pretext, the following errors occurred:

INFO    : (see log messages above or in the 'logs' folder for more information)
INFO    : ----------------------------------------------------
