INFO    : Building target activities-web
INFO    : XSL conversion of C:\Users\mcalister_e\Desktop\Pretext_repositories\FLCMathSampleCourse\source\activities.ptx by C:\Users\mcalister_e\.ptx\2.19.3\core\xsl\utilities\pretext-enhanced-source.xsl
INFO    : successful application of C:\Users\mcalister_e\.ptx\2.19.3\core\xsl\utilities\pretext-enhanced-source.xsl
INFO    : Generating any needed assets.
INFO    : converting PreFigure diagrams from C:\Users\mcalister_e\Desktop\Pretext_repositories\FLCMathSampleCourse\source\activities.ptx to SVG graphics for placement in C:\Users\mcalister_e\Desktop\Pretext_repositories\FLCMathSampleCourse\generated-assets\prefigure
INFO    : extracting PreFigure diagrams from C:\Users\mcalister_e\Desktop\Pretext_repositories\FLCMathSampleCourse\source\activities.ptx
INFO    : string parameters passed to extraction stylesheet: {'cli.version': '2.19', 'publisher': 'C:/Users/mcalister_e/Desktop/Pretext_repositories/FLCMathSampleCourse/publication/publication-activities.ptx'}
INFO    : XSL conversion of C:\Users\mcalister_e\Desktop\Pretext_repositories\FLCMathSampleCourse\source\activities.ptx by C:\Users\mcalister_e\.ptx\2.19.3\core\xsl\extract-prefigure.xsl
INFO    : messages from the log for XSL processing:
INFO    : * PTX:INFO:   checking ONLY the last TWO YEARS of element deprecations.
Rerun with the string parameter "author.deprecations.all" set to "yes" to check your source against all deprecations.
INFO    : successful application of C:\Users\mcalister_e\.ptx\2.19.3\core\xsl\extract-prefigure.xsl
INFO    : compiling PreFigure source file sqrts.xml to SVG
INFO    : copying PreFigure output to C:\Users\mcalister_e\Desktop\Pretext_repositories\FLCMathSampleCourse\generated-assets\prefigure
INFO    : Removing temporary directory C:\Users\MCALIS~1\AppData\Local\Temp\ptx-mr2q5ozs
INFO    : Finished generating assets.

INFO    : Preparing to build into C:\Users\mcalister_e\Desktop\Pretext_repositories\FLCMathSampleCourse\output\activities-web.
INFO    : discovering source file's directory name: C:\Users\mcalister_e\Desktop\Pretext_repositories\FLCMathSampleCourse\source
INFO    : verifying and expanding input directory: C:\Users\mcalister_e\Desktop\Pretext_repositories\FLCMathSampleCourse\source\../generated-assets
INFO    : input directory expanded to absolute path: C:\Users\mcalister_e\Desktop\Pretext_repositories\FLCMathSampleCourse\generated-assets
INFO    : verifying and expanding input directory: C:\Users\mcalister_e\Desktop\Pretext_repositories\FLCMathSampleCourse\source\../assets
INFO    : input directory expanded to absolute path: C:\Users\mcalister_e\Desktop\Pretext_repositories\FLCMathSampleCourse\assets
INFO    : XSL conversion of C:\Users\mcalister_e\Desktop\Pretext_repositories\FLCMathSampleCourse\source\activities.ptx by C:\Users\mcalister_e\.ptx\2.19.3\core\xsl\utilities\report-publisher-variables.xsl
INFO    : successful application of C:\Users\mcalister_e\.ptx\2.19.3\core\xsl\utilities\report-publisher-variables.xsl
INFO    : Downloading rs services file from https://runestone.academy/cdn/runestone/latest/webpack_static_imports.xml.
INFO    : Runestone Services via online CDN query: version 7.8.3
INFO    : Downloading Runestone Services, version 7.8.3
INFO    : Extracting Runestone Services from archive file
INFO    : Building custom css theme: theme-salem
INFO    : converting C:\Users\mcalister_e\Desktop\Pretext_repositories\FLCMathSampleCourse\source\activities.ptx to HTML in C:\Users\MCALIS~1\AppData\Local\Temp\ptx-b57hffg3
INFO    : XSL conversion of C:\Users\mcalister_e\Desktop\Pretext_repositories\FLCMathSampleCourse\source\activities.ptx by C:\Users\mcalister_e\.ptx\2.19.3\core\xsl\pretext-html.xsl
INFO    : successful application of C:\Users\mcalister_e\.ptx\2.19.3\core\xsl\pretext-html.xsl
WARNING : Failed to map codechat path to xml id; codechat will not work.
INFO    : Removing temporary directory C:\Users\MCALIS~1\AppData\Local\Temp\ptx-b57hffg3
INFO    : Removing temporary directory C:\Users\MCALIS~1\AppData\Local\Temp\ptx-c1u652ab
INFO    : 
Success! Run `pretext view activities-web` to see the results.

INFO    : 
