INFO    : Building target activities-web
ERROR   : XInclude Error caused build to fail:
ERROR   : file:/C:/Users/mcalister_e/Desktop/Pretext_repositories/FLCMathSampleCourse/source/activities/113sample-wksht.ptx:3:63:ERROR:DTD:DTD_XMLID_VALUE: xml:id : attribute value 113-functions is not an NCName
file:/C:/Users/mcalister_e/Desktop/Pretext_repositories/FLCMathSampleCourse/source/activities/113sample-wksht.ptx:48:42:ERROR:DTD:DTD_XMLID_VALUE: xml:id : attribute value 1_1FunctionGraph is not an NCName
file:/C:/Users/mcalister_e/Desktop/Pretext_repositories/FLCMathSampleCourse/source/activities/121sample-wksht.ptx:83:376:FATAL:PARSER:ERR_TAG_NAME_MISMATCH: Opening and ending tag mismatch: html line 83 and c
file:/C:/Users/mcalister_e/Desktop/Pretext_repositories/FLCMathSampleCourse/source/activities/121sample-wksht.ptx:84:21:FATAL:PARSER:ERR_TAG_NAME_MISMATCH: Opening and ending tag mismatch: c line 83 and p
file:/C:/Users/mcalister_e/Desktop/Pretext_repositories/FLCMathSampleCourse/source/activities/121sample-wksht.ptx:85:25:FATAL:PARSER:ERR_TAG_NAME_MISMATCH: Opening and ending tag mismatch: p line 82 and statement
file:/C:/Users/mcalister_e/Desktop/Pretext_repositories/FLCMathSampleCourse/source/activities/121sample-wksht.ptx:86:18:FATAL:PARSER:ERR_TAG_NAME_MISMATCH: Opening and ending tag mismatch: statement line 81 and remark
file:/C:/Users/mcalister_e/Desktop/Pretext_repositories/FLCMathSampleCourse/source/activities/121sample-wksht.ptx:89:22:FATAL:PARSER:ERR_TAG_NAME_MISMATCH: Opening and ending tag mismatch: remark line 80 and subsection
file:/C:/Users/mcalister_e/Desktop/Pretext_repositories/FLCMathSampleCourse/source/activities/121sample-wksht.ptx:90:21:FATAL:PARSER:ERR_TAG_NAME_MISMATCH: Opening and ending tag mismatch: subsection line 71 and worksheet
file:/C:/Users/mcalister_e/Desktop/Pretext_repositories/FLCMathSampleCourse/source/activities/121sample-wksht.ptx:91:1:FATAL:PARSER:ERR_TAG_NOT_FINISHED: Premature end of data in tag worksheet line 3
file:/C:/Users/mcalister_e/Desktop/Pretext_repositories/FLCMathSampleCourse/source/activities.ptx:14:0:ERROR:XINCLUDE:XINCLUDE_NO_FALLBACK: could not load file:/C:/Users/mcalister_e/Desktop/Pretext_repositories/FLCMathSampleCourse/source/activities/121sample-wksht.ptx, and no fallback was found
file:/C:/Users/mcalister_e/Desktop/Pretext_repositories/FLCMathSampleCourse/source/activities/221sample-wksht.ptx:3:70:ERROR:DTD:DTD_XMLID_VALUE: xml:id : attribute value 221-tangents is not an NCName
file:/C:/Users/mcalister_e/Desktop/Pretext_repositories/FLCMathSampleCourse/source/activities/222sample-wksht.ptx:3:74:ERROR:DTD:DTD_XMLID_VALUE: xml:id : attribute value 222-series-tests is not an NCName
CRITICAL: XML syntax for source file is invalid
INFO    : ------------------------
CRITICAL: Failed to build.  Exiting...
INFO    : 
----------------------------------------------------
INFO    : While running pretext, the following errors occurred:

INFO    : (see log messages above or in the 'logs' folder for more information)
INFO    : ----------------------------------------------------
