WARNING : Overriding source file for target with: C:\Users\mcalister_e\Desktop\Pretext_repositories\FLCMathSampleCourse\source\activities\121sample-wksht.ptx
INFO    : Building target pdf
INFO    : XSL conversion of C:\Users\mcalister_e\Desktop\Pretext_repositories\FLCMathSampleCourse\source\activities\121sample-wksht.ptx by C:\Users\mcalister_e\.ptx\2.19.3\core\xsl\utilities\pretext-enhanced-source.xsl
INFO    : successful application of C:\Users\mcalister_e\.ptx\2.19.3\core\xsl\utilities\pretext-enhanced-source.xsl
INFO    : Generating any needed assets.
INFO    : Checking for update for required playwright chromium browser.
INFO    : using playwright package to create previews for interactives from C:\Users\mcalister_e\Desktop\Pretext_repositories\FLCMathSampleCourse\source\activities\121sample-wksht.ptx for placement in C:\Users\mcalister_e\Desktop\Pretext_repositories\FLCMathSampleCourse\source\activities\generated-assets\preview
INFO    : XSL conversion of C:\Users\mcalister_e\Desktop\Pretext_repositories\FLCMathSampleCourse\source\activities\121sample-wksht.ptx by C:\Users\mcalister_e\.ptx\2.19.3\core\xsl\extract-interactive.xsl
INFO    : messages from the log for XSL processing:
INFO    : * PTX:INFO:   checking ONLY the last TWO YEARS of element deprecations.
Rerun with the string parameter "author.deprecations.all" set to "yes" to check your source against all deprecations.
INFO    : successful application of C:\Users\mcalister_e\.ptx\2.19.3\core\xsl\extract-interactive.xsl
INFO    : discovering source file's directory name: C:\Users\mcalister_e\Desktop\Pretext_repositories\FLCMathSampleCourse\source\activities
INFO    : verifying and expanding input directory: C:\Users\mcalister_e\Desktop\Pretext_repositories\FLCMathSampleCourse\source\activities\./generated-assets
INFO    : input directory expanded to absolute path: C:\Users\mcalister_e\Desktop\Pretext_repositories\FLCMathSampleCourse\source\activities\generated-assets
INFO    : verifying and expanding input directory: C:\Users\mcalister_e\Desktop\Pretext_repositories\FLCMathSampleCourse\source\activities\./assets
INFO    : input directory expanded to absolute path: C:\Users\mcalister_e\Desktop\Pretext_repositories\FLCMathSampleCourse\source\activities\assets
INFO    : automatic screenshot of interactive with identifier "demos-shift-reflect-int" on page http://localhost:8888/demos-shift-reflect-int.html to file demos-shift-reflect-int-preview.png
INFO    : Closing http.server thread
INFO    : XSL conversion of C:\Users\mcalister_e\Desktop\Pretext_repositories\FLCMathSampleCourse\source\activities\121sample-wksht.ptx by C:\Users\mcalister_e\.ptx\2.19.3\core\xsl\utilities\report-publisher-variables.xsl
INFO    : successful application of C:\Users\mcalister_e\.ptx\2.19.3\core\xsl\utilities\report-publisher-variables.xsl
INFO    : verifying and expanding input directory: C:\Users\mcalister_e\Desktop\Pretext_repositories\FLCMathSampleCourse\source\activities\../generated-assets
INFO    : input directory expanded to absolute path: C:\Users\mcalister_e\Desktop\Pretext_repositories\FLCMathSampleCourse\source\generated-assets
INFO    : verifying and expanding input directory: C:\Users\mcalister_e\Desktop\Pretext_repositories\FLCMathSampleCourse\source\activities\../assets
INFO    : input directory expanded to absolute path: C:\Users\mcalister_e\Desktop\Pretext_repositories\FLCMathSampleCourse\source\assets
INFO    : manufacturing QR codes from C:\Users\mcalister_e\Desktop\Pretext_repositories\FLCMathSampleCourse\source\activities\121sample-wksht.ptx for placement in C:\Users\mcalister_e\Desktop\Pretext_repositories\FLCMathSampleCourse\source\generated-assets\qrcode
INFO    : XSL conversion of C:\Users\mcalister_e\Desktop\Pretext_repositories\FLCMathSampleCourse\source\activities\121sample-wksht.ptx by C:\Users\mcalister_e\.ptx\2.19.3\core\xsl\extract-qrcode.xsl
INFO    : successful application of C:\Users\mcalister_e\.ptx\2.19.3\core\xsl\extract-qrcode.xsl
INFO    : creating URL with content "https://eamcalister.github.io/FLCMathSampleCourse/worksheets/demos-shift-reflect-int.html" as C:\Users\mcalister_e\Desktop\Pretext_repositories\FLCMathSampleCourse\source\generated-assets\qrcode\demos-shift-reflect-int.png...
ERROR   : Unable to generate some qrcodes:
 [Errno 2] No such file or directory: 'C:\\Users\\mcalister_e\\Desktop\\Pretext_repositories\\FLCMathSampleCourse\\source\\generated-assets\\qrcode\\demos-shift-reflect-int.png'
Traceback (most recent call last):
  File "C:\Users\mcalister_e\AppData\Local\anaconda3\Lib\site-packages\pretext\project\__init__.py", line 1167, in generate_assets
    core.qrcode(
  File "C:\Users\mcalister_e\AppData\Local\anaconda3\Lib\site-packages\pretext\core\pretext.py", line 2241, in qrcode
    qr_image.save(path)
  File "C:\Users\mcalister_e\AppData\Roaming\Python\Python312\site-packages\qrcode\image\pil.py", line 51, in save
    self._img.save(stream, format=format, **kwargs)
  File "C:\Users\mcalister_e\AppData\Roaming\Python\Python312\site-packages\PIL\Image.py", line 2563, in save
    fp = builtins.open(filename, "w+b")
         ^^^^^^^^^^^^^^^^^^^^^^^^^^^^^^
FileNotFoundError: [Errno 2] No such file or directory: 'C:\\Users\\mcalister_e\\Desktop\\Pretext_repositories\\FLCMathSampleCourse\\source\\generated-assets\\qrcode\\demos-shift-reflect-int.png'
INFO    : Removing temporary directory C:\Users\MCALIS~1\AppData\Local\Temp\ptx-erbok4mb
INFO    : Removing temporary directory C:\Users\MCALIS~1\AppData\Local\Temp\ptx-2yut07k0
INFO    : Removing temporary directory C:\Users\MCALIS~1\AppData\Local\Temp\ptx-5k5ymmmt
INFO    : Finished generating assets.

INFO    : Preparing to build into C:\Users\mcalister_e\Desktop\Pretext_repositories\FLCMathSampleCourse\output\pdfs.
INFO    : converting C:\Users\mcalister_e\Desktop\Pretext_repositories\FLCMathSampleCourse\source\activities\121sample-wksht.ptx to LaTeX as C:\Users\MCALIS~1\AppData\Local\Temp\ptx-5d_v5d89\121sample-wksht.tex
INFO    : XSL conversion of C:\Users\mcalister_e\Desktop\Pretext_repositories\FLCMathSampleCourse\source\activities\121sample-wksht.ptx by C:\Users\mcalister_e\.ptx\2.19.3\core\xsl\pretext-latex.xsl
INFO    : successful application of C:\Users\mcalister_e\.ptx\2.19.3\core\xsl\pretext-latex.xsl
CRITICAL: [WinError 2] The system cannot find the file specified
INFO    : ------------------------
CRITICAL: Failed to build.  Exiting...
INFO    : 
----------------------------------------------------
INFO    : While running pretext, the following errors occurred:

INFO    : (see log messages above or in the 'logs' folder for more information)
INFO    : ----------------------------------------------------
