INFO    : Generating any needed assets.
INFO    : XSL conversion of C:\Users\mcalister_e\Desktop\Pretext_repositories\FLCMathSampleCourse\source\activities.ptx by C:\Users\mcalister_e\.ptx\2.19.3\core\xsl\utilities\pretext-enhanced-source.xsl
INFO    : successful application of C:\Users\mcalister_e\.ptx\2.19.3\core\xsl\utilities\pretext-enhanced-source.xsl
INFO    : downloading MyOpenMath static problems from C:\Users\mcalister_e\Desktop\Pretext_repositories\FLCMathSampleCourse\source\activities.ptx for placement in C:/Users/mcalister_e/Desktop/Pretext_repositories/FLCMathSampleCourse/generated-assets/problems
INFO    : XSL conversion of C:\Users\mcalister_e\Desktop\Pretext_repositories\FLCMathSampleCourse\source\activities.ptx by C:\Users\mcalister_e\.ptx\2.19.3\core\xsl\extract-mom.xsl
INFO    : messages from the log for XSL processing:
INFO    : * PTX:INFO:   checking ONLY the last TWO YEARS of element deprecations.
Rerun with the string parameter "author.deprecations.all" set to "yes" to check your source against all deprecations.
INFO    : successful application of C:\Users\mcalister_e\.ptx\2.19.3\core\xsl\extract-mom.xsl
INFO    : downloading MOM #15220 to C:/Users/mcalister_e/Desktop/Pretext_repositories/FLCMathSampleCourse/generated-assets/problems\mom-15220.xml...
INFO    : MyOpenMath static problem download complete
INFO    : Removing temporary directory C:\Users\MCALIS~1\AppData\Local\Temp\ptx-3xsngwnn
INFO    : Finished generating assets.

INFO    : string parameters passed to extraction stylesheet: {'publisher': 'C:/Users/mcalister_e/Desktop/Pretext_repositories/FLCMathSampleCourse/publication/publication-activities.ptx'}
INFO    : discovering source file's directory name: C:\Users\mcalister_e\Desktop\Pretext_repositories\FLCMathSampleCourse\source
INFO    : verifying and expanding input directory: C:\Users\mcalister_e\Desktop\Pretext_repositories\FLCMathSampleCourse\source\../generated-assets
INFO    : input directory expanded to absolute path: C:\Users\mcalister_e\Desktop\Pretext_repositories\FLCMathSampleCourse\generated-assets
INFO    : verifying and expanding input directory: C:\Users\mcalister_e\Desktop\Pretext_repositories\FLCMathSampleCourse\source\../assets
INFO    : input directory expanded to absolute path: C:\Users\mcalister_e\Desktop\Pretext_repositories\FLCMathSampleCourse\assets
INFO    : XSL conversion of C:\Users\mcalister_e\Desktop\Pretext_repositories\FLCMathSampleCourse\source\activities.ptx by C:\Users\mcalister_e\.ptx\2.19.3\core\xsl\extract-pg.xsl
INFO    : successful application of C:\Users\mcalister_e\.ptx\2.19.3\core\xsl\extract-pg.xsl
INFO    : validating, cleaning server URL: https://webwork-ptx.aimath.org
INFO    : building representations of server-based WeBWorK problem
INFO    : sending webwork-1 to server to save in C:\Users\mcalister_e\Desktop\Pretext_repositories\FLCMathSampleCourse\generated-assets\webwork\webwork-representations.xml: origin is 'server'
INFO    : Removing temporary directory C:\Users\MCALIS~1\AppData\Local\Temp\ptx-bw1cga66
INFO    : 
