INFO    : Building target activities-web
INFO    : XSL conversion of C:\Users\mcalister_e\Desktop\Pretext_repositories\FLCMathSampleCourse\source\activities.ptx by C:\Users\mcalister_e\.ptx\2.19.3\core\xsl\utilities\pretext-enhanced-source.xsl
INFO    : messages from the log for XSL processing:
ERROR   : * PTX:ERROR: Table of Contents level not determined
ERROR   : * PTX:BUG: a document type needs a default footnote project level defined
ERROR   : * PTX:BUG: a document type needs a maximum division level defined
ERROR   : * PTX:BUG: a document type needs a default project level defined
ERROR   : * PTX:BUG: a document type needs a default equation project level defined
ERROR   : * PTX:BUG: a document type needs a default block numbering level defined
INFO    : successful application of C:\Users\mcalister_e\.ptx\2.19.3\core\xsl\utilities\pretext-enhanced-source.xsl
INFO    : Generating any needed assets.
ERROR   : * PTX:ERROR: Table of Contents level not determined
ERROR   : * PTX:BUG: a document type needs a default footnote project level defined
ERROR   : * PTX:BUG: a document type needs a maximum division level defined
ERROR   : * PTX:BUG: a document type needs a default project level defined
ERROR   : * PTX:BUG: a document type needs a default equation project level defined
ERROR   : * PTX:BUG: a document type needs a default block numbering level defined
ERROR   : * PTX:ERROR: Table of Contents level not determined
ERROR   : * PTX:BUG: a document type needs a default footnote project level defined
ERROR   : * PTX:BUG: a document type needs a maximum division level defined
ERROR   : * PTX:BUG: a document type needs a default project level defined
ERROR   : * PTX:BUG: a document type needs a default equation project level defined
ERROR   : * PTX:BUG: a document type needs a default block numbering level defined
ERROR   : * PTX:ERROR: Table of Contents level not determined
ERROR   : * PTX:BUG: a document type needs a default footnote project level defined
ERROR   : * PTX:BUG: a document type needs a maximum division level defined
ERROR   : * PTX:BUG: a document type needs a default project level defined
ERROR   : * PTX:BUG: a document type needs a default equation project level defined
ERROR   : * PTX:BUG: a document type needs a default block numbering level defined
ERROR   : * PTX:ERROR: Table of Contents level not determined
ERROR   : * PTX:BUG: a document type needs a default footnote project level defined
ERROR   : * PTX:BUG: a document type needs a maximum division level defined
ERROR   : * PTX:BUG: a document type needs a default project level defined
ERROR   : * PTX:BUG: a document type needs a default equation project level defined
ERROR   : * PTX:BUG: a document type needs a default block numbering level defined
ERROR   : * PTX:ERROR: Table of Contents level not determined
ERROR   : * PTX:BUG: a document type needs a default footnote project level defined
ERROR   : * PTX:BUG: a document type needs a maximum division level defined
ERROR   : * PTX:BUG: a document type needs a default project level defined
ERROR   : * PTX:BUG: a document type needs a default equation project level defined
ERROR   : * PTX:BUG: a document type needs a default block numbering level defined
ERROR   : * PTX:ERROR: Table of Contents level not determined
ERROR   : * PTX:BUG: a document type needs a default footnote project level defined
ERROR   : * PTX:BUG: a document type needs a maximum division level defined
ERROR   : * PTX:BUG: a document type needs a default project level defined
ERROR   : * PTX:BUG: a document type needs a default equation project level defined
ERROR   : * PTX:BUG: a document type needs a default block numbering level defined
ERROR   : * PTX:ERROR: Table of Contents level not determined
ERROR   : * PTX:BUG: a document type needs a default footnote project level defined
ERROR   : * PTX:BUG: a document type needs a maximum division level defined
ERROR   : * PTX:BUG: a document type needs a default project level defined
ERROR   : * PTX:BUG: a document type needs a default equation project level defined
ERROR   : * PTX:BUG: a document type needs a default block numbering level defined
ERROR   : * PTX:ERROR: Table of Contents level not determined
ERROR   : * PTX:BUG: a document type needs a default footnote project level defined
ERROR   : * PTX:BUG: a document type needs a maximum division level defined
ERROR   : * PTX:BUG: a document type needs a default project level defined
ERROR   : * PTX:BUG: a document type needs a default equation project level defined
ERROR   : * PTX:BUG: a document type needs a default block numbering level defined
ERROR   : * PTX:ERROR: Table of Contents level not determined
ERROR   : * PTX:BUG: a document type needs a default footnote project level defined
ERROR   : * PTX:BUG: a document type needs a maximum division level defined
ERROR   : * PTX:BUG: a document type needs a default project level defined
ERROR   : * PTX:BUG: a document type needs a default equation project level defined
ERROR   : * PTX:BUG: a document type needs a default block numbering level defined
ERROR   : * PTX:ERROR: Table of Contents level not determined
ERROR   : * PTX:BUG: a document type needs a default footnote project level defined
ERROR   : * PTX:BUG: a document type needs a maximum division level defined
ERROR   : * PTX:BUG: a document type needs a default project level defined
ERROR   : * PTX:BUG: a document type needs a default equation project level defined
ERROR   : * PTX:BUG: a document type needs a default block numbering level defined
ERROR   : * PTX:ERROR: Table of Contents level not determined
ERROR   : * PTX:BUG: a document type needs a default footnote project level defined
ERROR   : * PTX:BUG: a document type needs a maximum division level defined
ERROR   : * PTX:BUG: a document type needs a default project level defined
ERROR   : * PTX:BUG: a document type needs a default equation project level defined
ERROR   : * PTX:BUG: a document type needs a default block numbering level defined
ERROR   : * PTX:ERROR: Table of Contents level not determined
ERROR   : * PTX:BUG: a document type needs a default footnote project level defined
ERROR   : * PTX:BUG: a document type needs a maximum division level defined
ERROR   : * PTX:BUG: a document type needs a default project level defined
ERROR   : * PTX:BUG: a document type needs a default equation project level defined
ERROR   : * PTX:BUG: a document type needs a default block numbering level defined
ERROR   : * PTX:ERROR: Table of Contents level not determined
ERROR   : * PTX:BUG: a document type needs a default footnote project level defined
ERROR   : * PTX:BUG: a document type needs a maximum division level defined
ERROR   : * PTX:BUG: a document type needs a default project level defined
ERROR   : * PTX:BUG: a document type needs a default equation project level defined
ERROR   : * PTX:BUG: a document type needs a default block numbering level defined
ERROR   : * PTX:ERROR: Table of Contents level not determined
ERROR   : * PTX:BUG: a document type needs a default footnote project level defined
ERROR   : * PTX:BUG: a document type needs a maximum division level defined
ERROR   : * PTX:BUG: a document type needs a default project level defined
ERROR   : * PTX:BUG: a document type needs a default equation project level defined
ERROR   : * PTX:BUG: a document type needs a default block numbering level defined
INFO    : Finished generating assets.

INFO    : Preparing to build into C:\Users\mcalister_e\Desktop\Pretext_repositories\FLCMathSampleCourse\output\activities-web.
INFO    : discovering source file's directory name: C:\Users\mcalister_e\Desktop\Pretext_repositories\FLCMathSampleCourse\source
INFO    : verifying and expanding input directory: C:\Users\mcalister_e\Desktop\Pretext_repositories\FLCMathSampleCourse\source\../generated-assets
INFO    : input directory expanded to absolute path: C:\Users\mcalister_e\Desktop\Pretext_repositories\FLCMathSampleCourse\generated-assets
INFO    : verifying and expanding input directory: C:\Users\mcalister_e\Desktop\Pretext_repositories\FLCMathSampleCourse\source\../assets
INFO    : input directory expanded to absolute path: C:\Users\mcalister_e\Desktop\Pretext_repositories\FLCMathSampleCourse\assets
INFO    : XSL conversion of C:\Users\mcalister_e\Desktop\Pretext_repositories\FLCMathSampleCourse\source\activities.ptx by C:\Users\mcalister_e\.ptx\2.19.3\core\xsl\utilities\report-publisher-variables.xsl
ERROR   : * PTX:ERROR: Table of Contents level not determined
ERROR   : * PTX:BUG: a document type needs a default footnote project level defined
ERROR   : * PTX:BUG: a document type needs a maximum division level defined
ERROR   : * PTX:BUG: a document type needs a default project level defined
ERROR   : * PTX:BUG: a document type needs a default equation project level defined
ERROR   : * PTX:BUG: a document type needs a default block numbering level defined
INFO    : successful application of C:\Users\mcalister_e\.ptx\2.19.3\core\xsl\utilities\report-publisher-variables.xsl
INFO    : Downloading rs services file from https://runestone.academy/cdn/runestone/latest/webpack_static_imports.xml.
INFO    : Runestone Services via online CDN query: version 7.8.3
INFO    : Downloading Runestone Services, version 7.8.3
INFO    : Extracting Runestone Services from archive file
INFO    : Building custom css theme: theme-salem
INFO    : converting C:\Users\mcalister_e\Desktop\Pretext_repositories\FLCMathSampleCourse\source\activities.ptx to HTML in C:\Users\MCALIS~1\AppData\Local\Temp\ptx-cjcgt_tk
INFO    : XSL conversion of C:\Users\mcalister_e\Desktop\Pretext_repositories\FLCMathSampleCourse\source\activities.ptx by C:\Users\mcalister_e\.ptx\2.19.3\core\xsl\pretext-html.xsl
ERROR   : * PTX:BUG: a document type needs a default footnote project level defined
ERROR   : * PTX:BUG: a document type needs a maximum division level defined
ERROR   : * PTX:BUG: a document type needs a default equation project level defined
ERROR   : * PTX:ERROR: Table of Contents level not determined
ERROR   : * PTX:BUG: a document type needs a default project level defined
ERROR   : * PTX:BUG: Level offset undefined for this document type
INFO    : * PTX:INFO:   checking ONLY the last TWO YEARS of element deprecations.
Rerun with the string parameter "author.deprecations.all" set to "yes" to check your source against all deprecations.
ERROR   : * PTX:BUG:   an element ("pretext") does not know its level
ERROR   : * PTX:BUG:   an element ("pretext") does not know its level
ERROR   : * PTX:BUG:   an element ("pretext") does not know its level
ERROR   : * PTX:BUG:   an element ("pretext") does not know its level
INFO    : * runtime error, element 'apply-templates'
INFO    : * xsltApplySequenceConstructor: A potential infinite template recursion was detected.
You can adjust xsltMaxDepth (--maxdepth) in order to raise the maximum number of nested template calls and variables/params (currently set to 3000).
INFO    : * unknown error
INFO    : * chunk
INFO    : * intermediate
ERROR   : processing with C:\Users\mcalister_e\.ptx\2.19.3\core\xsl\pretext-html.xsl has failed

CRITICAL: chunk
INFO    : ------------------------
CRITICAL: Failed to build.  Exiting...
INFO    : 
----------------------------------------------------
INFO    : While running pretext, the following errors occurred:

INFO    : (see log messages above or in the 'logs' folder for more information)
INFO    : ----------------------------------------------------
