INFO    : Building target activities-print
INFO    : XSL conversion of C:\Users\mcalister_e\Desktop\Pretext_repositories\FLCMathSampleCourse\source\activities.ptx by C:\Users\mcalister_e\.ptx\2.19.3\core\xsl\utilities\pretext-enhanced-source.xsl
INFO    : successful application of C:\Users\mcalister_e\.ptx\2.19.3\core\xsl\utilities\pretext-enhanced-source.xsl
INFO    : Generating any needed assets.
INFO    : Finished generating assets.

INFO    : Preparing to build into C:\Users\mcalister_e\Desktop\Pretext_repositories\FLCMathSampleCourse\output\activities-print.
INFO    : discovering source file's directory name: C:\Users\mcalister_e\Desktop\Pretext_repositories\FLCMathSampleCourse\source
INFO    : verifying and expanding input directory: C:\Users\mcalister_e\Desktop\Pretext_repositories\FLCMathSampleCourse\source\../generated
INFO    : input directory expanded to absolute path: C:\Users\mcalister_e\Desktop\Pretext_repositories\FLCMathSampleCourse\generated
INFO    : verifying and expanding input directory: C:\Users\mcalister_e\Desktop\Pretext_repositories\FLCMathSampleCourse\source\../assets
INFO    : input directory expanded to absolute path: C:\Users\mcalister_e\Desktop\Pretext_repositories\FLCMathSampleCourse\assets
INFO    : XSL conversion of C:\Users\mcalister_e\Desktop\Pretext_repositories\FLCMathSampleCourse\source\activities.ptx by C:\Users\mcalister_e\.ptx\2.19.3\core\xsl\utilities\report-publisher-variables.xsl
INFO    : successful application of C:\Users\mcalister_e\.ptx\2.19.3\core\xsl\utilities\report-publisher-variables.xsl
INFO    : converting C:\Users\mcalister_e\Desktop\Pretext_repositories\FLCMathSampleCourse\source\activities.ptx to LaTeX as C:\Users\MCALIS~1\AppData\Local\Temp\ptx-_xal59ih\activities.tex
INFO    : XSL conversion of C:\Users\mcalister_e\Desktop\Pretext_repositories\FLCMathSampleCourse\source\activities.ptx by C:\Users\mcalister_e\.ptx\2.19.3\core\xsl\pretext-latex.xsl
INFO    : messages from the log for XSL processing:
INFO    : * PTX:INFO:   checking ONLY the last TWO YEARS of element deprecations.
Rerun with the string parameter "author.deprecations.all" set to "yes" to check your source against all deprecations.
INFO    : successful application of C:\Users\mcalister_e\.ptx\2.19.3\core\xsl\pretext-latex.xsl
INFO    : Removing temporary directory C:\Users\MCALIS~1\AppData\Local\Temp\ptx-_xal59ih
INFO    : Removing temporary directory C:\Users\MCALIS~1\AppData\Local\Temp\ptx-q3qfey7z
INFO    : Removing temporary directory C:\Users\MCALIS~1\AppData\Local\Temp\ptx-pozbhyyg
INFO    : 
Success! The output is in C:\Users\mcalister_e\Desktop\Pretext_repositories\FLCMathSampleCourse\output\activities-print.

INFO    : 
